app/build/intermediates/manifest_merge_blame_file/debug/manifest-merger-blame-debug-report.txt
1<?xml version="1.0" encoding="utf-8"?>
2<manifest xmlns:android="http://schemas.android.com/apk/res/android"
3    package="com.galturknittz.focusbooster"
4    android:versionCode="1"
5    android:versionName="1.0" >
6
7    <uses-sdk
8        android:minSdkVersion="24"
9        android:targetSdkVersion="34" />
10
11    <uses-permission android:name="android.permission.CAMERA" />
11-->src\main\AndroidManifest.xml:4:5-65
11-->src\main\AndroidManifest.xml:4:22-62
12
13    <uses-feature
13-->src\main\AndroidManifest.xml:5:5-85
14        android:name="android.hardware.camera"
14-->src\main\AndroidManifest.xml:5:19-57
15        android:required="false" />
15-->src\main\AndroidManifest.xml:5:58-82
16
17    <permission
17-->[androidx.core:core:1.9.0] AndroidManifest.xml:22:5-24:47
18        android:name="com.galturknittz.focusbooster.DYNAMIC_RECEIVER_NOT_EXPORTED_PERMISSION"
18-->[androidx.core:core:1.9.0] AndroidManifest.xml:23:9-81
19        android:protectionLevel="signature" />
19-->[androidx.core:core:1.9.0] AndroidManifest.xml:24:9-44
20
21    <uses-permission android:name="com.galturknittz.focusbooster.DYNAMIC_RECEIVER_NOT_EXPORTED_PERMISSION" />
21-->[androidx.core:core:1.9.0] AndroidManifest.xml:26:5-97
21-->[androidx.core:core:1.9.0] AndroidManifest.xml:26:22-94
22
23    <application
23-->src\main\AndroidManifest.xml:7:5-30:19
24        android:allowBackup="true"
24-->src\main\AndroidManifest.xml:8:9-35
25        android:appComponentFactory="androidx.core.app.CoreComponentFactory"
25-->[androidx.core:core:1.9.0] AndroidManifest.xml:28:18-86
26        android:debuggable="true"
27        android:extractNativeLibs="false"
28        android:label="@string/app_name"
28-->src\main\AndroidManifest.xml:9:9-41
29        android:supportsRtl="true"
29-->src\main\AndroidManifest.xml:10:9-35
30        android:testOnly="true"
31        android:theme="@style/Theme.FocusBooster" >
31-->src\main\AndroidManifest.xml:11:9-50
32        <activity
32-->src\main\AndroidManifest.xml:13:9-20:20
33            android:name="com.galturknittz.focusbooster.MainActivity"
33-->src\main\AndroidManifest.xml:14:13-41
34            android:exported="true" >
34-->src\main\AndroidManifest.xml:15:13-36
35            <intent-filter>
35-->src\main\AndroidManifest.xml:16:13-19:29
36                <action android:name="android.intent.action.MAIN" />
36-->src\main\AndroidManifest.xml:17:17-69
36-->src\main\AndroidManifest.xml:17:25-66
37
38                <category android:name="android.intent.category.LAUNCHER" />
38-->src\main\AndroidManifest.xml:18:17-77
38-->src\main\AndroidManifest.xml:18:27-74
39            </intent-filter>
40        </activity>
41        <activity
41-->src\main\AndroidManifest.xml:22:9-24:40
42            android:name="com.galturknittz.focusbooster.TaskActivity"
42-->src\main\AndroidManifest.xml:23:13-41
43            android:exported="false" />
43-->src\main\AndroidManifest.xml:24:13-37
44        <activity
44-->src\main\AndroidManifest.xml:26:9-28:40
45            android:name="com.galturknittz.focusbooster.SettingsActivity"
45-->src\main\AndroidManifest.xml:27:13-45
46            android:exported="false" />
46-->src\main\AndroidManifest.xml:28:13-37
47
48        <provider
48-->[androidx.emoji2:emoji2:1.2.0] AndroidManifest.xml:24:9-32:20
49            android:name="androidx.startup.InitializationProvider"
49-->[androidx.emoji2:emoji2:1.2.0] AndroidManifest.xml:25:13-67
50            android:authorities="com.galturknittz.focusbooster.androidx-startup"
50-->[androidx.emoji2:emoji2:1.2.0] AndroidManifest.xml:26:13-68
51            android:exported="false" >
51-->[androidx.emoji2:emoji2:1.2.0] AndroidManifest.xml:27:13-37
52            <meta-data
52-->[androidx.emoji2:emoji2:1.2.0] AndroidManifest.xml:29:13-31:52
53                android:name="androidx.emoji2.text.EmojiCompatInitializer"
53-->[androidx.emoji2:emoji2:1.2.0] AndroidManifest.xml:30:17-75
54                android:value="androidx.startup" />
54-->[androidx.emoji2:emoji2:1.2.0] AndroidManifest.xml:31:17-49
55            <meta-data
55-->[androidx.lifecycle:lifecycle-process:2.4.1] AndroidManifest.xml:31:13-33:52
56                android:name="androidx.lifecycle.ProcessLifecycleInitializer"
56-->[androidx.lifecycle:lifecycle-process:2.4.1] AndroidManifest.xml:32:17-78
57                android:value="androidx.startup" />
57-->[androidx.lifecycle:lifecycle-process:2.4.1] AndroidManifest.xml:33:17-49
58        </provider>
59    </application>
60
61</manifest>